<?xml version="1.0" encoding="UTF-8"?>
<testng-results ignored="0" total="4" passed="3" failed="1" skipped="0">
  <reporter-output>
  </reporter-output>
  <suite started-at="2022-06-17T23:37:56 IST" name="Default suite" finished-at="2022-06-17T23:38:28 IST" duration-ms="32500">
    <groups>
    </groups>
    <test started-at="2022-06-17T23:37:56 IST" name="Default test" finished-at="2022-06-17T23:38:28 IST" duration-ms="32500">
      <class name="Test.BuyShareTest">
        <test-method is-config="true" signature="launchBrowser()[pri:0, instance:Test.BuyShareTest@3cebbb30]" started-at="2022-06-17T23:37:56 IST" name="launchBrowser" finished-at="2022-06-17T23:38:05 IST" duration-ms="9154" status="PASS">
          <reporter-output>
          </reporter-output>
        </test-method> <!-- launchBrowser -->
        <test-method signature="buyShareWithLimitOrder()[pri:0, instance:Test.BuyShareTest@3cebbb30]" started-at="2022-06-17T23:38:05 IST" name="buyShareWithLimitOrder" finished-at="2022-06-17T23:38:06 IST" duration-ms="643" status="FAIL">
          <exception class="org.openqa.selenium.StaleElementReferenceException">
            <message>
              <![CDATA[stale element reference: element is not attached to the page document
  (Session info: chrome=102.0.5005.115)
For documentation on this error, please visit: https://selenium.dev/exceptions/#stale_element_reference
Build info: version: '4.2.0', revision: '86eb611648'
System info: host: 'LAPTOP-NC0BN7UC', ip: '192.168.1.102', os.name: 'Windows 11', os.arch: 'amd64', os.version: '10.0', java.version: '17.0.2'
Driver info: org.openqa.selenium.chrome.ChromeDriver
Command: [8c4a1ae8cf939e528a280429e678846e, getElementText {id=86dd38d7-33b5-4dd1-8708-dcfa2b82e868}]
Capabilities {acceptInsecureCerts: false, browserName: chrome, browserVersion: 102.0.5005.115, chrome: {chromedriverVersion: 102.0.5005.61 (0e59bcc00cc4..., userDataDir: C:\Users\amrit\AppData\Loca...}, goog:chromeOptions: {debuggerAddress: localhost:52439}, javascriptEnabled: true, networkConnectionEnabled: false, pageLoadStrategy: normal, platform: WINDOWS, platformName: WINDOWS, proxy: Proxy(), se:cdp: ws://localhost:52439/devtoo..., se:cdpVersion: 102.0.5005.115, setWindowRect: true, strictFileInteractability: false, timeouts: {implicit: 0, pageLoad: 300000, script: 30000}, unhandledPromptBehavior: dismiss and notify, webauthn:extension:credBlob: true, webauthn:extension:largeBlob: true, webauthn:virtualAuthenticators: true}
Element: [[ChromeDriver: chrome on WINDOWS (8c4a1ae8cf939e528a280429e678846e)] -> xpath: //span[@class='nice-name']]
Session ID: 8c4a1ae8cf939e528a280429e678846e]]>
            </message>
            <full-stacktrace>
              <![CDATA[org.openqa.selenium.StaleElementReferenceException: stale element reference: element is not attached to the page document
  (Session info: chrome=102.0.5005.115)
For documentation on this error, please visit: https://selenium.dev/exceptions/#stale_element_reference
Build info: version: '4.2.0', revision: '86eb611648'
System info: host: 'LAPTOP-NC0BN7UC', ip: '192.168.1.102', os.name: 'Windows 11', os.arch: 'amd64', os.version: '10.0', java.version: '17.0.2'
Driver info: org.openqa.selenium.chrome.ChromeDriver
Command: [8c4a1ae8cf939e528a280429e678846e, getElementText {id=86dd38d7-33b5-4dd1-8708-dcfa2b82e868}]
Capabilities {acceptInsecureCerts: false, browserName: chrome, browserVersion: 102.0.5005.115, chrome: {chromedriverVersion: 102.0.5005.61 (0e59bcc00cc4..., userDataDir: C:\Users\amrit\AppData\Loca...}, goog:chromeOptions: {debuggerAddress: localhost:52439}, javascriptEnabled: true, networkConnectionEnabled: false, pageLoadStrategy: normal, platform: WINDOWS, platformName: WINDOWS, proxy: Proxy(), se:cdp: ws://localhost:52439/devtoo..., se:cdpVersion: 102.0.5005.115, setWindowRect: true, strictFileInteractability: false, timeouts: {implicit: 0, pageLoad: 300000, script: 30000}, unhandledPromptBehavior: dismiss and notify, webauthn:extension:credBlob: true, webauthn:extension:largeBlob: true, webauthn:virtualAuthenticators: true}
Element: [[ChromeDriver: chrome on WINDOWS (8c4a1ae8cf939e528a280429e678846e)] -> xpath: //span[@class='nice-name']]
Session ID: 8c4a1ae8cf939e528a280429e678846e
at java.base/jdk.internal.reflect.NativeConstructorAccessorImpl.newInstance0(Native Method)
at java.base/jdk.internal.reflect.NativeConstructorAccessorImpl.newInstance(NativeConstructorAccessorImpl.java:77)
at java.base/jdk.internal.reflect.DelegatingConstructorAccessorImpl.newInstance(DelegatingConstructorAccessorImpl.java:45)
at java.base/java.lang.reflect.Constructor.newInstanceWithCaller(Constructor.java:499)
at java.base/java.lang.reflect.Constructor.newInstance(Constructor.java:480)
at org.openqa.selenium.remote.codec.w3c.W3CHttpResponseCodec.createException(W3CHttpResponseCodec.java:200)
at org.openqa.selenium.remote.codec.w3c.W3CHttpResponseCodec.decode(W3CHttpResponseCodec.java:133)
at org.openqa.selenium.remote.codec.w3c.W3CHttpResponseCodec.decode(W3CHttpResponseCodec.java:53)
at org.openqa.selenium.remote.HttpCommandExecutor.execute(HttpCommandExecutor.java:184)
at org.openqa.selenium.remote.service.DriverCommandExecutor.invokeExecute(DriverCommandExecutor.java:167)
at org.openqa.selenium.remote.service.DriverCommandExecutor.execute(DriverCommandExecutor.java:142)
at org.openqa.selenium.remote.RemoteWebDriver.execute(RemoteWebDriver.java:566)
at org.openqa.selenium.remote.RemoteWebElement.execute(RemoteWebElement.java:257)
at org.openqa.selenium.remote.RemoteWebElement.getText(RemoteWebElement.java:207)
at POM.BuySharePOM.clickOnBuyShare1(BuySharePOM.java:50)
at Test.BuyShareTest.buyShareWithLimitOrder(BuyShareTest.java:53)
at java.base/jdk.internal.reflect.NativeMethodAccessorImpl.invoke0(Native Method)
at java.base/jdk.internal.reflect.NativeMethodAccessorImpl.invoke(NativeMethodAccessorImpl.java:77)
at java.base/jdk.internal.reflect.DelegatingMethodAccessorImpl.invoke(DelegatingMethodAccessorImpl.java:43)
at java.base/java.lang.reflect.Method.invoke(Method.java:568)
at org.testng.internal.invokers.MethodInvocationHelper.invokeMethod(MethodInvocationHelper.java:135)
at org.testng.internal.invokers.TestInvoker.invokeMethod(TestInvoker.java:673)
at org.testng.internal.invokers.TestInvoker.invokeTestMethod(TestInvoker.java:220)
at org.testng.internal.invokers.MethodRunner.runInSequence(MethodRunner.java:50)
at org.testng.internal.invokers.TestInvoker$MethodInvocationAgent.invoke(TestInvoker.java:945)
at org.testng.internal.invokers.TestInvoker.invokeTestMethods(TestInvoker.java:193)
at org.testng.internal.invokers.TestMethodWorker.invokeTestMethods(TestMethodWorker.java:146)
at org.testng.internal.invokers.TestMethodWorker.run(TestMethodWorker.java:128)
at java.base/java.util.ArrayList.forEach(ArrayList.java:1511)
at org.testng.TestRunner.privateRun(TestRunner.java:808)
at org.testng.TestRunner.run(TestRunner.java:603)
at org.testng.SuiteRunner.runTest(SuiteRunner.java:429)
at org.testng.SuiteRunner.runSequentially(SuiteRunner.java:423)
at org.testng.SuiteRunner.privateRun(SuiteRunner.java:383)
at org.testng.SuiteRunner.run(SuiteRunner.java:326)
at org.testng.SuiteRunnerWorker.runSuite(SuiteRunnerWorker.java:52)
at org.testng.SuiteRunnerWorker.run(SuiteRunnerWorker.java:95)
at org.testng.TestNG.runSuitesSequentially(TestNG.java:1249)
at org.testng.TestNG.runSuitesLocally(TestNG.java:1169)
at org.testng.TestNG.runSuites(TestNG.java:1092)
at org.testng.TestNG.run(TestNG.java:1060)
at org.testng.remote.AbstractRemoteTestNG.run(AbstractRemoteTestNG.java:115)
at org.testng.remote.RemoteTestNG.initAndRun(RemoteTestNG.java:251)
at org.testng.remote.RemoteTestNG.main(RemoteTestNG.java:77)
]]>
            </full-stacktrace>
          </exception> <!-- org.openqa.selenium.StaleElementReferenceException -->
          <reporter-output>
          </reporter-output>
        </test-method> <!-- buyShareWithLimitOrder -->
        <test-method is-config="true" signature="launchBrowser()[pri:0, instance:Test.BuyShareTest@3cebbb30]" started-at="2022-06-17T23:38:06 IST" name="launchBrowser" finished-at="2022-06-17T23:38:11 IST" duration-ms="5747" status="PASS">
          <reporter-output>
          </reporter-output>
        </test-method> <!-- launchBrowser -->
        <test-method signature="buyShareWithMarketOrder()[pri:0, instance:Test.BuyShareTest@3cebbb30]" started-at="2022-06-17T23:38:11 IST" name="buyShareWithMarketOrder" finished-at="2022-06-17T23:38:14 IST" duration-ms="2647" status="PASS">
          <reporter-output>
          </reporter-output>
        </test-method> <!-- buyShareWithMarketOrder -->
        <test-method is-config="true" signature="launchBrowser()[pri:0, instance:Test.BuyShareTest@3cebbb30]" started-at="2022-06-17T23:38:14 IST" name="launchBrowser" finished-at="2022-06-17T23:38:20 IST" duration-ms="5966" status="PASS">
          <reporter-output>
          </reporter-output>
        </test-method> <!-- launchBrowser -->
        <test-method signature="buyShareWithSL()[pri:0, instance:Test.BuyShareTest@3cebbb30]" started-at="2022-06-17T23:38:20 IST" name="buyShareWithSL" finished-at="2022-06-17T23:38:21 IST" duration-ms="1029" status="PASS">
          <reporter-output>
          </reporter-output>
        </test-method> <!-- buyShareWithSL -->
        <test-method is-config="true" signature="launchBrowser()[pri:0, instance:Test.BuyShareTest@3cebbb30]" started-at="2022-06-17T23:38:21 IST" name="launchBrowser" finished-at="2022-06-17T23:38:27 IST" duration-ms="6383" status="PASS">
          <reporter-output>
          </reporter-output>
        </test-method> <!-- launchBrowser -->
        <test-method signature="buyShareWithSLM()[pri:0, instance:Test.BuyShareTest@3cebbb30]" started-at="2022-06-17T23:38:27 IST" name="buyShareWithSLM" finished-at="2022-06-17T23:38:28 IST" duration-ms="886" status="PASS">
          <reporter-output>
          </reporter-output>
        </test-method> <!-- buyShareWithSLM -->
      </class> <!-- Test.BuyShareTest -->
    </test> <!-- Default test -->
  </suite> <!-- Default suite -->
</testng-results>
